Starting training...
start  2025-05-14 21:25:16
************SMGCN*************** 
result_index  1
already create adjacency matrix (1113, 1113) time: 0.05184006690979004
already create sym_pair adjacency matrix (360, 360) time: 0.0013859272003173828
already create herb_pair adjacency matrix (753, 753) time: 0.0034122467041015625
generate single-normalized adjacency matrix.
generate single-normalized adjacency matrix.
already normalize adjacency matrix 0.04347062110900879
sym_pair 和 herb_pair 有 self-connection, sum!!
use the normalized adjacency matrix
cuda:0
***********fusion method************  add
mlp predict weight  [256]
mlp_predict layer  1
regs  [0.007]
using xavier initialization
mlp_predict_weight_size_list  [256, 256]

 ########################################################################### pair_dimension is  256
SMGCN(
  (weights): ParameterDict(
      (user_embedding): Parameter containing: [torch.cuda.FloatTensor of size 360x64 (GPU 0)]
      (item_embedding): Parameter containing: [torch.cuda.FloatTensor of size 753x64 (GPU 0)]
      (W_gc_user_0): Parameter containing: [torch.cuda.FloatTensor of size 128x128 (GPU 0)]
      (b_gc_user_0): Parameter containing: [torch.cuda.FloatTensor of size 1x128 (GPU 0)]
      (W_gc_item_0): Parameter containing: [torch.cuda.FloatTensor of size 128x128 (GPU 0)]
      (b_gc_item_0): Parameter containing: [torch.cuda.FloatTensor of size 1x128 (GPU 0)]
      (Q_user_0): Parameter containing: [torch.cuda.FloatTensor of size 64x64 (GPU 0)]
      (Q_item_0): Parameter containing: [torch.cuda.FloatTensor of size 64x64 (GPU 0)]
      (W_gc_user_1): Parameter containing: [torch.cuda.FloatTensor of size 256x256 (GPU 0)]
      (b_gc_user_1): Parameter containing: [torch.cuda.FloatTensor of size 1x256 (GPU 0)]
      (W_gc_item_1): Parameter containing: [torch.cuda.FloatTensor of size 256x256 (GPU 0)]
      (b_gc_item_1): Parameter containing: [torch.cuda.FloatTensor of size 1x256 (GPU 0)]
      (Q_user_1): Parameter containing: [torch.cuda.FloatTensor of size 128x128 (GPU 0)]
      (Q_item_1): Parameter containing: [torch.cuda.FloatTensor of size 128x128 (GPU 0)]
      (W_predict_mlp_user_0): Parameter containing: [torch.cuda.FloatTensor of size 256x256 (GPU 0)]
      (b_predict_mlp_user_0): Parameter containing: [torch.cuda.FloatTensor of size 1x256 (GPU 0)]
      (M_user): Parameter containing: [torch.cuda.FloatTensor of size 64x256 (GPU 0)]
      (M_item): Parameter containing: [torch.cuda.FloatTensor of size 64x256 (GPU 0)]
  )
)
args.pretrain	 0
no pretrain, without pretraining.
Epoch 0 [3.4s]: train==[1992428.07031=1992427.77734 + 0.29736 + 0.00000  ]
Epoch 1 [3.4s]: train==[126625.92261=126625.57007 + 0.35218 + 0.00000  ]
Epoch 2 [3.4s]: train==[54840.87976=54840.50256 + 0.37730 + 0.00000  ]
Epoch 3 [3.4s]: train==[35078.09521=35077.70398 + 0.39137 + 0.00000  ]
Epoch 4 [3.4s]: train==[25980.43591=25980.03357 + 0.40207 + 0.00000  ]
Epoch 5 [3.4s]: train==[20041.97308=20041.56152 + 0.41162 + 0.00000  ]
Epoch 6 [3.4s]: train==[17253.37372=17252.95325 + 0.42051 + 0.00000  ]
Epoch 7 [3.4s]: train==[14256.31793=14255.88989 + 0.42795 + 0.00000  ]
Epoch 8 [3.4s]: train==[12476.67886=12476.24429 + 0.43454 + 0.00000  ]
drop_flag:  True ,	 mess_dropout:  [0.0, 0.0]
rate_batch  torch.Size([1162, 753])
gt_count  8427
candidate_count  874986
ideal candidate count  874986
Epoch 9 [3.4s + 5.7s]: train==[11567.38251=11566.94144 + 0.44119 + 0.00000 ]
 recall=[0.00561, 0.01273], precision=[0.00551, 0.00409],  ndcg=[0.00482, 0.00413], RMRR=[0.00207, 0.00336]
paras	 0.0002_[7e-3]_[0.0, 0.0]_64_norm_SMGCN
Epoch 10 [3.4s]: train==[10392.51331=10392.06680 + 0.44652 + 0.00000  ]
Epoch 11 [3.4s]: train==[9821.73441=9821.28275 + 0.45168 + 0.00000  ]
Epoch 12 [3.4s]: train==[9207.65143=9207.19476 + 0.45669 + 0.00000  ]
Epoch 13 [3.4s]: train==[9126.53711=9126.07587 + 0.46110 + 0.00000  ]
Epoch 14 [3.4s]: train==[8575.98068=8575.51505 + 0.46570 + 0.00000  ]
Epoch 15 [3.4s]: train==[8311.71295=8311.24362 + 0.46931 + 0.00000  ]
Epoch 16 [3.4s]: train==[7927.82776=7927.35458 + 0.47310 + 0.00000  ]
Epoch 17 [3.4s]: train==[8202.94885=8202.47195 + 0.47686 + 0.00000  ]
Epoch 18 [3.4s]: train==[7781.36630=7780.88651 + 0.47986 + 0.00000  ]
drop_flag:  True ,	 mess_dropout:  [0.0, 0.0]
rate_batch  torch.Size([1162, 753])
gt_count  8427
candidate_count  874986
ideal candidate count  874986
Epoch 19 [3.4s + 5.8s]: train==[7694.70694=7694.22379 + 0.48315 + 0.00000 ]
 recall=[0.00476, 0.01431], precision=[0.00516, 0.00448],  ndcg=[0.00467, 0.00438], RMRR=[0.00267, 0.00396]
paras	 0.0002_[7e-3]_[0.0, 0.0]_64_norm_SMGCN
Epoch 20 [3.4s]: train==[7649.94244=7649.45648 + 0.48601 + 0.00000  ]
Epoch 21 [3.4s]: train==[7308.11682=7307.62790 + 0.48888 + 0.00000  ]
Epoch 22 [3.4s]: train==[7560.74951=7560.25806 + 0.49145 + 0.00000  ]
Epoch 23 [3.4s]: train==[7509.80893=7509.31564 + 0.49332 + 0.00000  ]
Epoch 24 [3.4s]: train==[7197.64569=7197.14944 + 0.49626 + 0.00000  ]
Epoch 25 [3.4s]: train==[7252.15714=7251.65875 + 0.49831 + 0.00000  ]
Epoch 26 [3.4s]: train==[7329.45477=7328.95477 + 0.50006 + 0.00000  ]
Epoch 27 [3.4s]: train==[7150.22005=7149.71741 + 0.50272 + 0.00000  ]
Epoch 28 [3.4s]: train==[7121.12051=7120.61584 + 0.50464 + 0.00000  ]
drop_flag:  True ,	 mess_dropout:  [0.0, 0.0]
rate_batch  torch.Size([1162, 753])
gt_count  8427
candidate_count  874986
ideal candidate count  874986
Epoch 29 [3.4s + 5.8s]: train==[7126.40872=7125.90274 + 0.50599 + 0.00000 ]
 recall=[0.00469, 0.01577], precision=[0.00534, 0.00460],  ndcg=[0.00538, 0.00474], RMRR=[0.00269, 0.00420]
paras	 0.0002_[7e-3]_[0.0, 0.0]_64_norm_SMGCN
Epoch 30 [3.4s]: train==[7068.95053=7068.44241 + 0.50813 + 0.00000  ]
Epoch 31 [3.4s]: train==[7026.94287=7026.43303 + 0.50987 + 0.00000  ]
Epoch 32 [3.4s]: train==[7189.46936=7188.95752 + 0.51180 + 0.00000  ]
Epoch 33 [3.4s]: train==[7214.85822=7214.34436 + 0.51387 + 0.00000  ]
Epoch 34 [3.4s]: train==[6890.73994=6890.22461 + 0.51534 + 0.00000  ]
Epoch 35 [3.4s]: train==[7022.98486=7022.46783 + 0.51707 + 0.00000  ]
Epoch 36 [3.4s]: train==[6766.22974=6765.71112 + 0.51864 + 0.00000  ]
Epoch 37 [3.4s]: train==[7001.70102=7001.18097 + 0.52007 + 0.00000  ]
Epoch 38 [3.4s]: train==[6877.56555=6877.04340 + 0.52213 + 0.00000  ]
drop_flag:  True ,	 mess_dropout:  [0.0, 0.0]
rate_batch  torch.Size([1162, 753])
gt_count  8427
candidate_count  874986
ideal candidate count  874986
Epoch 39 [3.4s + 5.7s]: train==[7075.48196=7074.95874 + 0.52325 + 0.00000 ]
 recall=[0.00466, 0.01688], precision=[0.00534, 0.00516],  ndcg=[0.00542, 0.00521], RMRR=[0.00269, 0.00427]
paras	 0.0002_[7e-3]_[0.0, 0.0]_64_norm_SMGCN
Epoch 40 [3.4s]: train==[6966.29892=6965.77451 + 0.52443 + 0.00000  ]
Epoch 41 [3.4s]: train==[6624.56425=6624.03781 + 0.52655 + 0.00000  ]
Epoch 42 [3.4s]: train==[6952.96713=6952.43954 + 0.52757 + 0.00000  ]
Epoch 43 [3.4s]: train==[7199.46704=7198.93875 + 0.52824 + 0.00000  ]
Epoch 44 [3.4s]: train==[6805.14775=6804.61794 + 0.52983 + 0.00000  ]
Epoch 45 [3.4s]: train==[6766.71626=6766.18552 + 0.53071 + 0.00000  ]
Epoch 46 [3.4s]: train==[7162.13396=7161.60233 + 0.53163 + 0.00000  ]
Epoch 47 [3.4s]: train==[6913.10226=6912.56937 + 0.53287 + 0.00000  ]
Epoch 48 [3.4s]: train==[6932.91960=6932.38625 + 0.53329 + 0.00000  ]
drop_flag:  True ,	 mess_dropout:  [0.0, 0.0]
rate_batch  torch.Size([1162, 753])
gt_count  8427
candidate_count  874986
ideal candidate count  874986
Epoch 49 [3.4s + 5.7s]: train==[6781.88380=6781.34953 + 0.53434 + 0.00000 ]
 recall=[0.00493, 0.01882], precision=[0.00568, 0.00581],  ndcg=[0.00576, 0.00586], RMRR=[0.00273, 0.00467]
paras	 0.0002_[7e-3]_[0.0, 0.0]_64_norm_SMGCN
Epoch 50 [3.4s]: train==[6848.38672=6847.85176 + 0.53495 + 0.00000  ]
Epoch 51 [3.4s]: train==[6913.53026=6912.99455 + 0.53576 + 0.00000  ]
Epoch 52 [3.4s]: train==[6553.95862=6553.42229 + 0.53637 + 0.00000  ]
Epoch 53 [3.4s]: train==[6796.11684=6795.58014 + 0.53671 + 0.00000  ]
Epoch 54 [3.4s]: train==[6970.92581=6970.38824 + 0.53758 + 0.00000  ]
Epoch 55 [3.4s]: train==[6980.84241=6980.30432 + 0.53805 + 0.00000  ]
Epoch 56 [3.4s]: train==[7035.98323=7035.44447 + 0.53872 + 0.00000  ]
Epoch 57 [3.4s]: train==[6827.32811=6826.78946 + 0.53863 + 0.00000  ]
Epoch 58 [3.4s]: train==[6858.95784=6858.41844 + 0.53946 + 0.00000  ]
drop_flag:  True ,	 mess_dropout:  [0.0, 0.0]
rate_batch  torch.Size([1162, 753])
gt_count  8427
candidate_count  874986
ideal candidate count  874986
Epoch 59 [3.4s + 5.8s]: train==[6884.24359=6883.70340 + 0.54025 + 0.00000 ]
 recall=[0.00617, 0.01949], precision=[0.00775, 0.00633],  ndcg=[0.00759, 0.00671], RMRR=[0.00325, 0.00509]
paras	 0.0002_[7e-3]_[0.0, 0.0]_64_norm_SMGCN
Epoch 60 [3.4s]: train==[6728.28951=6727.74905 + 0.54046 + 0.00000  ]
Epoch 61 [3.4s]: train==[6856.99968=6856.45891 + 0.54073 + 0.00000  ]
Epoch 62 [3.4s]: train==[6885.42273=6884.88135 + 0.54136 + 0.00000  ]
Epoch 63 [3.4s]: train==[6726.89537=6726.35378 + 0.54154 + 0.00000  ]
Epoch 64 [3.4s]: train==[7006.76105=7006.21890 + 0.54213 + 0.00000  ]
Epoch 65 [3.4s]: train==[6845.62537=6845.08304 + 0.54236 + 0.00000  ]
Epoch 66 [3.4s]: train==[6842.57724=6842.03441 + 0.54282 + 0.00000  ]
Epoch 67 [3.4s]: train==[6653.62431=6653.08163 + 0.54270 + 0.00000  ]
Epoch 68 [3.4s]: train==[6863.43518=6862.89212 + 0.54307 + 0.00000  ]
drop_flag:  True ,	 mess_dropout:  [0.0, 0.0]
rate_batch  torch.Size([1162, 753])
gt_count  8427
candidate_count  874986
ideal candidate count  874986
Epoch 69 [3.4s + 5.8s]: train==[6987.02917=6986.48581 + 0.54340 + 0.00000 ]
 recall=[0.00707, 0.01933], precision=[0.00826, 0.00641],  ndcg=[0.00777, 0.00684], RMRR=[0.00275, 0.00468]
paras	 0.0002_[7e-3]_[0.0, 0.0]_64_norm_SMGCN
Epoch 70 [3.4s]: train==[6735.46701=6734.92357 + 0.54345 + 0.00000  ]
Epoch 71 [3.4s]: train==[6952.38770=6951.84357 + 0.54408 + 0.00000  ]
Epoch 72 [3.4s]: train==[6791.13419=6790.58987 + 0.54431 + 0.00000  ]
Epoch 73 [3.4s]: train==[6844.65733=6844.11313 + 0.54420 + 0.00000  ]
Epoch 74 [3.4s]: train==[6706.85519=6706.31113 + 0.54405 + 0.00000  ]
Epoch 75 [3.4s]: train==[6800.79007=6800.24579 + 0.54425 + 0.00000  ]
Epoch 76 [3.4s]: train==[6733.23595=6732.69133 + 0.54467 + 0.00000  ]
Epoch 77 [3.4s]: train==[6755.40323=6754.85834 + 0.54488 + 0.00000  ]
Epoch 78 [3.4s]: train==[6941.43361=6940.88910 + 0.54453 + 0.00000  ]
drop_flag:  True ,	 mess_dropout:  [0.0, 0.0]
rate_batch  torch.Size([1162, 753])
gt_count  8427
candidate_count  874986
ideal candidate count  874986
Epoch 79 [3.4s + 5.7s]: train==[6966.71704=6966.17259 + 0.54447 + 0.00000 ]
 recall=[0.00707, 0.02065], precision=[0.00912, 0.00693],  ndcg=[0.00900, 0.00750], RMRR=[0.00316, 0.00511]
paras	 0.0002_[7e-3]_[0.0, 0.0]_64_norm_SMGCN
Epoch 80 [3.4s]: train==[6942.63998=6942.09531 + 0.54474 + 0.00000  ]
Epoch 81 [3.4s]: train==[6661.79419=6661.24922 + 0.54494 + 0.00000  ]
Epoch 82 [3.4s]: train==[6830.08826=6829.54324 + 0.54499 + 0.00000  ]
Epoch 83 [3.4s]: train==[6883.23004=6882.68515 + 0.54489 + 0.00000  ]
Epoch 84 [3.4s]: train==[6864.20776=6863.66281 + 0.54492 + 0.00000  ]
Epoch 85 [3.4s]: train==[6859.10498=6858.55988 + 0.54505 + 0.00000  ]
Epoch 86 [3.4s]: train==[6788.14572=6787.60092 + 0.54490 + 0.00000  ]
Epoch 87 [3.4s]: train==[6940.61102=6940.06577 + 0.54522 + 0.00000  ]
Epoch 88 [3.4s]: train==[6848.61891=6848.07391 + 0.54500 + 0.00000  ]
drop_flag:  True ,	 mess_dropout:  [0.0, 0.0]
rate_batch  torch.Size([1162, 753])
gt_count  8427
candidate_count  874986
ideal candidate count  874986
Epoch 89 [3.4s + 5.7s]: train==[6890.78282=6890.23795 + 0.54485 + 0.00000 ]
 recall=[0.00659, 0.02095], precision=[0.00895, 0.00710],  ndcg=[0.00926, 0.00780], RMRR=[0.00304, 0.00532]
paras	 0.0002_[7e-3]_[0.0, 0.0]_64_norm_SMGCN
Epoch 90 [3.4s]: train==[7091.19891=7090.65367 + 0.54527 + 0.00000  ]
Epoch 91 [3.4s]: train==[6653.30867=6652.76346 + 0.54520 + 0.00000  ]
Epoch 92 [3.4s]: train==[6805.54300=6804.99756 + 0.54536 + 0.00000  ]
Epoch 93 [3.4s]: train==[6925.28139=6924.73607 + 0.54531 + 0.00000  ]
Epoch 94 [3.4s]: train==[6871.25287=6870.70778 + 0.54505 + 0.00000  ]
Epoch 95 [3.4s]: train==[6826.87877=6826.33403 + 0.54476 + 0.00000  ]
Epoch 96 [3.4s]: train==[7023.39728=7022.85242 + 0.54487 + 0.00000  ]
Epoch 97 [3.4s]: train==[6943.88313=6943.33823 + 0.54487 + 0.00000  ]
Epoch 98 [3.4s]: train==[6860.32449=6859.77963 + 0.54491 + 0.00000  ]
drop_flag:  True ,	 mess_dropout:  [0.0, 0.0]
rate_batch  torch.Size([1162, 753])
gt_count  8427
candidate_count  874986
ideal candidate count  874986
Epoch 99 [3.4s + 5.8s]: train==[6779.18910=6778.64436 + 0.54475 + 0.00000 ]
 recall=[0.00652, 0.02112], precision=[0.01015, 0.00710],  ndcg=[0.01000, 0.00784], RMRR=[0.00309, 0.00520]
paras	 0.0002_[7e-3]_[0.0, 0.0]_64_norm_SMGCN
Epoch 100 [3.4s]: train==[6655.36882=6654.82455 + 0.54422 + 0.00000  ]
Epoch 101 [3.4s]: train==[6749.50385=6748.95911 + 0.54482 + 0.00000  ]
Epoch 102 [3.4s]: train==[6812.13171=6811.58743 + 0.54427 + 0.00000  ]
Epoch 103 [3.4s]: train==[6818.40288=6817.85867 + 0.54421 + 0.00000  ]
Epoch 104 [3.4s]: train==[6806.06149=6805.51755 + 0.54396 + 0.00000  ]
Epoch 105 [3.4s]: train==[6937.48514=6936.94098 + 0.54418 + 0.00000  ]
Epoch 106 [3.4s]: train==[6748.13318=6747.58952 + 0.54360 + 0.00000  ]
Epoch 107 [3.4s]: train==[6899.46080=6898.91730 + 0.54354 + 0.00000  ]
Epoch 108 [3.4s]: train==[6735.71326=6735.16959 + 0.54366 + 0.00000  ]
drop_flag:  True ,	 mess_dropout:  [0.0, 0.0]
rate_batch  torch.Size([1162, 753])
gt_count  8427
candidate_count  874986
ideal candidate count  874986
Epoch 109 [3.4s + 5.7s]: train==[6632.17635=6631.63263 + 0.54368 + 0.00000 ]
 recall=[0.00687, 0.02195], precision=[0.01033, 0.00757],  ndcg=[0.01020, 0.00821], RMRR=[0.00334, 0.00545]
paras	 0.0002_[7e-3]_[0.0, 0.0]_64_norm_SMGCN
Epoch 110 [3.4s]: train==[6787.70316=6787.15997 + 0.54328 + 0.00000  ]
Epoch 111 [3.4s]: train==[6753.35071=6752.80762 + 0.54312 + 0.00000  ]
Epoch 112 [3.4s]: train==[6890.10370=6889.56073 + 0.54294 + 0.00000  ]
Epoch 113 [3.4s]: train==[6698.39723=6697.85464 + 0.54260 + 0.00000  ]
Epoch 114 [3.4s]: train==[6883.44583=6882.90369 + 0.54211 + 0.00000  ]
Epoch 115 [3.4s]: train==[6704.53378=6703.99174 + 0.54208 + 0.00000  ]
Epoch 116 [3.4s]: train==[6802.28949=6801.74796 + 0.54156 + 0.00000  ]
Epoch 117 [3.4s]: train==[6835.83795=6835.29634 + 0.54151 + 0.00000  ]
Epoch 118 [3.4s]: train==[6915.22473=6914.68393 + 0.54081 + 0.00000  ]
drop_flag:  True ,	 mess_dropout:  [0.0, 0.0]
rate_batch  torch.Size([1162, 753])
gt_count  8427
candidate_count  874986
ideal candidate count  874986
Epoch 119 [3.4s + 5.7s]: train==[7116.38887=7115.84789 + 0.54096 + 0.00000 ]
 recall=[0.00687, 0.02257], precision=[0.00998, 0.00809],  ndcg=[0.00938, 0.00833], RMRR=[0.00290, 0.00523]
paras	 0.0002_[7e-3]_[0.0, 0.0]_64_norm_SMGCN
Epoch 120 [3.4s]: train==[7058.62384=7058.08359 + 0.54032 + 0.00000  ]
Epoch 121 [3.4s]: train==[6811.25815=6810.71848 + 0.53964 + 0.00000  ]
Epoch 122 [3.4s]: train==[6678.76968=6678.23022 + 0.53943 + 0.00000  ]
Epoch 123 [3.4s]: train==[7001.21509=7000.67564 + 0.53945 + 0.00000  ]
Epoch 124 [3.4s]: train==[6764.43544=6763.89604 + 0.53941 + 0.00000  ]
Epoch 125 [3.4s]: train==[6838.07886=6837.54022 + 0.53865 + 0.00000  ]
Epoch 126 [3.4s]: train==[6690.69801=6690.15973 + 0.53827 + 0.00000  ]
Epoch 127 [3.4s]: train==[6849.22345=6848.68527 + 0.53817 + 0.00000  ]
Epoch 128 [3.4s]: train==[6960.42955=6959.89188 + 0.53768 + 0.00000  ]
drop_flag:  True ,	 mess_dropout:  [0.0, 0.0]
rate_batch  torch.Size([1162, 753])
gt_count  8427
candidate_count  874986
ideal candidate count  874986
Epoch 129 [3.4s + 5.7s]: train==[6934.37579=6933.83841 + 0.53734 + 0.00000 ]
 recall=[0.00700, 0.02340], precision=[0.01033, 0.00839],  ndcg=[0.01060, 0.00906], RMRR=[0.00267, 0.00518]
paras	 0.0002_[7e-3]_[0.0, 0.0]_64_norm_SMGCN
Epoch 130 [3.4s]: train==[6951.11806=6950.58076 + 0.53728 + 0.00000  ]
Epoch 131 [3.4s]: train==[6870.73570=6870.19904 + 0.53663 + 0.00000  ]
Epoch 132 [3.4s]: train==[6780.34468=6779.80818 + 0.53649 + 0.00000  ]
Epoch 133 [3.4s]: train==[6814.99142=6814.45621 + 0.53527 + 0.00000  ]
Epoch 134 [3.4s]: train==[6804.88216=6804.34624 + 0.53590 + 0.00000  ]
Epoch 135 [3.4s]: train==[6778.71414=6778.17812 + 0.53600 + 0.00000  ]
Epoch 136 [3.4s]: train==[6978.83243=6978.29715 + 0.53526 + 0.00000  ]
Epoch 137 [3.4s]: train==[6902.87654=6902.34099 + 0.53553 + 0.00000  ]
Epoch 138 [3.4s]: train==[6638.38385=6637.84927 + 0.53452 + 0.00000  ]
drop_flag:  True ,	 mess_dropout:  [0.0, 0.0]
rate_batch  torch.Size([1162, 753])
gt_count  8427
candidate_count  874986
ideal candidate count  874986
Epoch 139 [3.4s + 5.8s]: train==[6709.90375=6709.36879 + 0.53498 + 0.00000 ]
 recall=[0.00852, 0.02324], precision=[0.01084, 0.00818],  ndcg=[0.01098, 0.00899], RMRR=[0.00298, 0.00523]
paras	 0.0002_[7e-3]_[0.0, 0.0]_64_norm_SMGCN
Epoch 140 [3.4s]: train==[6635.51425=6634.97963 + 0.53459 + 0.00000  ]
Epoch 141 [3.4s]: train==[6757.67484=6757.14027 + 0.53460 + 0.00000  ]
Epoch 142 [3.4s]: train==[6880.57440=6880.04095 + 0.53343 + 0.00000  ]
Epoch 143 [3.4s]: train==[6822.82903=6822.29544 + 0.53356 + 0.00000  ]
Epoch 144 [3.4s]: train==[6872.12143=6871.58774 + 0.53371 + 0.00000  ]
Epoch 145 [3.4s]: train==[6789.78558=6789.25262 + 0.53294 + 0.00000  ]
Epoch 146 [3.4s]: train==[6918.42404=6917.89171 + 0.53236 + 0.00000  ]
Epoch 147 [3.4s]: train==[6906.35207=6905.81937 + 0.53274 + 0.00000  ]
Epoch 148 [3.4s]: train==[6895.79187=6895.25954 + 0.53236 + 0.00000  ]
drop_flag:  True ,	 mess_dropout:  [0.0, 0.0]
rate_batch  torch.Size([1162, 753])
gt_count  8427
candidate_count  874986
ideal candidate count  874986
Epoch 149 [3.4s + 5.8s]: train==[6752.15819=6751.62660 + 0.53150 + 0.00000 ]
 recall=[0.00834, 0.02511], precision=[0.01050, 0.00921],  ndcg=[0.01070, 0.00967], RMRR=[0.00302, 0.00551]
paras	 0.0002_[7e-3]_[0.0, 0.0]_64_norm_SMGCN
Epoch 150 [3.4s]: train==[6695.35289=6694.82225 + 0.53060 + 0.00000  ]
Epoch 151 [3.4s]: train==[6699.60966=6699.07875 + 0.53091 + 0.00000  ]
Epoch 152 [3.4s]: train==[6712.89478=6712.36401 + 0.53088 + 0.00000  ]
Epoch 153 [3.4s]: train==[6815.17401=6814.64404 + 0.52992 + 0.00000  ]
Epoch 154 [3.4s]: train==[6844.97971=6844.45004 + 0.52965 + 0.00000  ]
Epoch 155 [3.4s]: train==[6749.96170=6749.43201 + 0.52968 + 0.00000  ]
Epoch 156 [3.4s]: train==[6988.01962=6987.49084 + 0.52871 + 0.00000  ]
Epoch 157 [3.4s]: train==[6814.56184=6814.03329 + 0.52844 + 0.00000  ]
Epoch 158 [3.4s]: train==[6556.06741=6555.53979 + 0.52761 + 0.00000  ]
drop_flag:  True ,	 mess_dropout:  [0.0, 0.0]
rate_batch  torch.Size([1162, 753])
gt_count  8427
candidate_count  874986
ideal candidate count  874986
Epoch 159 [3.4s + 5.7s]: train==[6945.64893=6945.12082 + 0.52808 + 0.00000 ]
 recall=[0.00860, 0.02459], precision=[0.01102, 0.00925],  ndcg=[0.01116, 0.00992], RMRR=[0.00306, 0.00586]
paras	 0.0002_[7e-3]_[0.0, 0.0]_64_norm_SMGCN
Epoch 160 [3.4s]: train==[6846.50198=6845.97482 + 0.52715 + 0.00000  ]
Epoch 161 [3.4s]: train==[6531.71890=6531.19228 + 0.52663 + 0.00000  ]
Epoch 162 [3.4s]: train==[6701.73788=6701.21164 + 0.52637 + 0.00000  ]
Epoch 163 [3.4s]: train==[6907.07159=6906.54620 + 0.52545 + 0.00000  ]
Epoch 164 [3.4s]: train==[6897.03087=6896.50519 + 0.52566 + 0.00000  ]
Epoch 165 [3.4s]: train==[6560.93758=6560.41267 + 0.52492 + 0.00000  ]
Epoch 166 [3.4s]: train==[6653.76849=6653.24344 + 0.52504 + 0.00000  ]
Epoch 167 [3.4s]: train==[6798.61411=6798.09024 + 0.52389 + 0.00000  ]
Epoch 168 [3.4s]: train==[6786.90622=6786.38312 + 0.52314 + 0.00000  ]
drop_flag:  True ,	 mess_dropout:  [0.0, 0.0]
rate_batch  torch.Size([1162, 753])
gt_count  8427
candidate_count  874986
ideal candidate count  874986
Epoch 169 [3.4s + 5.8s]: train==[6981.77060=6981.24741 + 0.52324 + 0.00000 ]
 recall=[0.00948, 0.02743], precision=[0.01136, 0.00981],  ndcg=[0.01129, 0.01035], RMRR=[0.00359, 0.00661]
paras	 0.0002_[7e-3]_[0.0, 0.0]_64_norm_SMGCN
Epoch 170 [3.4s]: train==[6733.18036=6732.65739 + 0.52296 + 0.00000  ]
Epoch 171 [3.4s]: train==[6735.82159=6735.29944 + 0.52219 + 0.00000  ]
Epoch 172 [3.4s]: train==[6849.14641=6848.62444 + 0.52201 + 0.00000  ]
Epoch 173 [3.4s]: train==[7063.65996=7063.13870 + 0.52134 + 0.00000  ]
Epoch 174 [3.4s]: train==[6885.55910=6885.03827 + 0.52081 + 0.00000  ]
Epoch 175 [3.4s]: train==[6792.37248=6791.85194 + 0.52050 + 0.00000  ]
Epoch 176 [3.4s]: train==[6863.40933=6862.88925 + 0.52013 + 0.00000  ]
Epoch 177 [3.4s]: train==[6714.17545=6713.65636 + 0.51911 + 0.00000  ]
Epoch 178 [3.4s]: train==[6797.26996=6796.75116 + 0.51883 + 0.00000  ]
drop_flag:  True ,	 mess_dropout:  [0.0, 0.0]
rate_batch  torch.Size([1162, 753])
gt_count  8427
candidate_count  874986
ideal candidate count  874986
Epoch 179 [3.4s + 5.7s]: train==[6745.01823=6744.50018 + 0.51806 + 0.00000 ]
 recall=[0.01041, 0.02954], precision=[0.01360, 0.01007],  ndcg=[0.01368, 0.01102], RMRR=[0.00381, 0.00639]
paras	 0.0002_[7e-3]_[0.0, 0.0]_64_norm_SMGCN
Epoch 180 [3.4s]: train==[6533.79839=6533.28078 + 0.51761 + 0.00000  ]
Epoch 181 [3.4s]: train==[6819.05295=6818.53625 + 0.51672 + 0.00000  ]
Epoch 182 [3.4s]: train==[6856.75594=6856.24010 + 0.51581 + 0.00000  ]
Epoch 183 [3.4s]: train==[6774.06264=6773.54715 + 0.51554 + 0.00000  ]
Epoch 184 [3.4s]: train==[6930.40149=6929.88678 + 0.51471 + 0.00000  ]
Epoch 185 [3.4s]: train==[7041.29788=7040.78433 + 0.51353 + 0.00000  ]
Epoch 186 [3.4s]: train==[6619.13614=6618.62288 + 0.51322 + 0.00000  ]
Epoch 187 [3.4s]: train==[6932.51541=6932.00290 + 0.51253 + 0.00000  ]
Epoch 188 [3.4s]: train==[6801.69623=6801.18394 + 0.51220 + 0.00000  ]
drop_flag:  True ,	 mess_dropout:  [0.0, 0.0]
rate_batch  torch.Size([1162, 753])
gt_count  8427
candidate_count  874986
ideal candidate count  874986
Epoch 189 [3.4s + 5.8s]: train==[6847.15974=6846.64865 + 0.51107 + 0.00000 ]
 recall=[0.01065, 0.03062], precision=[0.01360, 0.01028],  ndcg=[0.01341, 0.01111], RMRR=[0.00402, 0.00679]
paras	 0.0002_[7e-3]_[0.0, 0.0]_64_norm_SMGCN
Epoch 190 [3.4s]: train==[6784.64058=6784.13000 + 0.51059 + 0.00000  ]
Epoch 191 [3.4s]: train==[6845.92238=6845.41254 + 0.50986 + 0.00000  ]
Epoch 192 [3.4s]: train==[7082.02347=7081.51486 + 0.50861 + 0.00000  ]
Epoch 193 [3.4s]: train==[6792.69629=6792.18765 + 0.50864 + 0.00000  ]
Epoch 194 [3.4s]: train==[6830.15419=6829.64668 + 0.50753 + 0.00000  ]
Epoch 195 [3.4s]: train==[6798.46869=6797.96176 + 0.50688 + 0.00000  ]
Epoch 196 [3.4s]: train==[6690.00034=6689.49339 + 0.50691 + 0.00000  ]
Epoch 197 [3.4s]: train==[6983.34157=6982.83527 + 0.50634 + 0.00000  ]
Epoch 198 [3.4s]: train==[6896.91463=6896.40880 + 0.50580 + 0.00000  ]
drop_flag:  True ,	 mess_dropout:  [0.0, 0.0]
rate_batch  torch.Size([1162, 753])
gt_count  8427
candidate_count  874986
ideal candidate count  874986
Epoch 199 [3.4s + 5.8s]: train==[6810.09505=6809.58954 + 0.50552 + 0.00000 ]
 recall=[0.01133, 0.03309], precision=[0.01515, 0.01140],  ndcg=[0.01748, 0.01345], RMRR=[0.00367, 0.00683]
paras	 0.0002_[7e-3]_[0.0, 0.0]_64_norm_SMGCN
Epoch 200 [3.4s]: train==[6884.73520=6884.23042 + 0.50479 + 0.00000  ]
Epoch 201 [3.4s]: train==[6821.49403=6820.98936 + 0.50472 + 0.00000  ]
Epoch 202 [3.4s]: train==[6983.63188=6983.12819 + 0.50377 + 0.00000  ]
Epoch 203 [3.4s]: train==[6803.88588=6803.38228 + 0.50354 + 0.00000  ]
Epoch 204 [3.4s]: train==[6740.41864=6739.91501 + 0.50363 + 0.00000  ]
Epoch 205 [3.4s]: train==[6613.48607=6612.98297 + 0.50320 + 0.00000  ]
Epoch 206 [3.4s]: train==[6920.36676=6919.86462 + 0.50225 + 0.00000  ]
Epoch 207 [3.4s]: train==[6785.72401=6785.22217 + 0.50184 + 0.00000  ]
Epoch 208 [3.4s]: train==[6871.76306=6871.26138 + 0.50162 + 0.00000  ]
drop_flag:  True ,	 mess_dropout:  [0.0, 0.0]
rate_batch  torch.Size([1162, 753])
gt_count  8427
candidate_count  874986
ideal candidate count  874986
Epoch 209 [3.4s + 5.7s]: train==[6792.49951=6791.99844 + 0.50112 + 0.00000 ]
 recall=[0.01115, 0.03406], precision=[0.01738, 0.01192],  ndcg=[0.01913, 0.01390], RMRR=[0.00354, 0.00627]
paras	 0.0002_[7e-3]_[0.0, 0.0]_64_norm_SMGCN
Epoch 210 [3.4s]: train==[6784.83858=6784.33798 + 0.50063 + 0.00000  ]
Epoch 211 [3.4s]: train==[6705.10443=6704.60367 + 0.50077 + 0.00000  ]
Epoch 212 [3.4s]: train==[6882.60248=6882.10291 + 0.49955 + 0.00000  ]
Epoch 213 [3.4s]: train==[6794.10686=6793.60800 + 0.49888 + 0.00000  ]
Epoch 214 [3.4s]: train==[6918.64035=6918.14166 + 0.49872 + 0.00000  ]
Epoch 215 [3.4s]: train==[6813.77129=6813.27379 + 0.49753 + 0.00000  ]
Epoch 216 [3.4s]: train==[6702.27528=6701.77812 + 0.49720 + 0.00000  ]
Epoch 217 [3.4s]: train==[6665.13025=6664.63425 + 0.49602 + 0.00000  ]
Epoch 218 [3.4s]: train==[6943.22679=6942.73065 + 0.49605 + 0.00000  ]
drop_flag:  True ,	 mess_dropout:  [0.0, 0.0]
rate_batch  torch.Size([1162, 753])
gt_count  8427
candidate_count  874986
ideal candidate count  874986
Epoch 219 [3.4s + 5.7s]: train==[6699.44785=6698.95212 + 0.49572 + 0.00000 ]
 recall=[0.01155, 0.03514], precision=[0.01790, 0.01239],  ndcg=[0.01905, 0.01397], RMRR=[0.00355, 0.00637]
paras	 0.0002_[7e-3]_[0.0, 0.0]_64_norm_SMGCN
Epoch 220 [3.4s]: train==[6829.60034=6829.10504 + 0.49528 + 0.00000  ]
Epoch 221 [3.4s]: train==[6787.85452=6787.36014 + 0.49440 + 0.00000  ]
Epoch 222 [3.4s]: train==[6634.11043=6633.61632 + 0.49409 + 0.00000  ]
Epoch 223 [3.4s]: train==[6659.60310=6659.10997 + 0.49314 + 0.00000  ]
Epoch 224 [3.4s]: train==[6695.87831=6695.38673 + 0.49150 + 0.00000  ]
Epoch 225 [3.4s]: train==[6757.47040=6756.97931 + 0.49101 + 0.00000  ]
Epoch 226 [3.4s]: train==[6761.05872=6760.56970 + 0.48903 + 0.00000  ]
Epoch 227 [3.4s]: train==[6895.66759=6895.18005 + 0.48748 + 0.00000  ]
Epoch 228 [3.4s]: train==[6831.11900=6830.63300 + 0.48597 + 0.00000  ]
drop_flag:  True ,	 mess_dropout:  [0.0, 0.0]
rate_batch  torch.Size([1162, 753])
gt_count  8427
candidate_count  874986
ideal candidate count  874986
Epoch 229 [3.4s + 5.7s]: train==[6750.48776=6750.00189 + 0.48584 + 0.00000 ]
 recall=[0.01777, 0.04578], precision=[0.02995, 0.01730],  ndcg=[0.03214, 0.02115], RMRR=[0.00598, 0.01005]
paras	 0.0002_[7e-3]_[0.0, 0.0]_64_norm_SMGCN
Epoch 230 [3.4s]: train==[6787.65997=6787.17581 + 0.48415 + 0.00000  ]
Epoch 231 [3.4s]: train==[6829.05972=6828.57584 + 0.48391 + 0.00000  ]
Epoch 232 [3.4s]: train==[6815.97867=6815.49500 + 0.48366 + 0.00000  ]
Epoch 233 [3.4s]: train==[6801.15028=6800.66753 + 0.48274 + 0.00000  ]
Epoch 234 [3.4s]: train==[6995.09166=6994.60883 + 0.48277 + 0.00000  ]
Epoch 235 [3.4s]: train==[6792.13918=6791.65750 + 0.48164 + 0.00000  ]
Epoch 236 [3.4s]: train==[6973.60587=6973.12514 + 0.48074 + 0.00000  ]
Epoch 237 [3.4s]: train==[7109.17572=7108.69534 + 0.48044 + 0.00000  ]
Epoch 238 [3.4s]: train==[7042.35962=7041.88017 + 0.47949 + 0.00000  ]
drop_flag:  True ,	 mess_dropout:  [0.0, 0.0]
rate_batch  torch.Size([1162, 753])
gt_count  8427
candidate_count  874986
ideal candidate count  874986
Epoch 239 [3.4s + 5.7s]: train==[6816.69768=6816.21896 + 0.47864 + 0.00000 ]
 recall=[0.02139, 0.05092], precision=[0.03563, 0.01928],  ndcg=[0.03628, 0.02359], RMRR=[0.00887, 0.01332]
paras	 0.0002_[7e-3]_[0.0, 0.0]_64_norm_SMGCN
Epoch 240 [3.4s]: train==[6763.03819=6762.55801 + 0.48019 + 0.00000  ]
Epoch 241 [3.4s]: train==[6744.13202=6743.65182 + 0.48021 + 0.00000  ]
Epoch 242 [3.4s]: train==[6876.88846=6876.40915 + 0.47927 + 0.00000  ]
Epoch 243 [3.4s]: train==[6872.55452=6872.07663 + 0.47787 + 0.00000  ]
Epoch 244 [3.4s]: train==[6744.01074=6743.53299 + 0.47773 + 0.00000  ]
Epoch 245 [3.4s]: train==[6877.24738=6876.76898 + 0.47843 + 0.00000  ]
Epoch 246 [3.4s]: train==[6794.22043=6793.74295 + 0.47745 + 0.00000  ]
Epoch 247 [3.4s]: train==[6815.92682=6815.44958 + 0.47716 + 0.00000  ]
Epoch 248 [3.4s]: train==[7175.45050=7174.97324 + 0.47727 + 0.00000  ]
drop_flag:  True ,	 mess_dropout:  [0.0, 0.0]
rate_batch  torch.Size([1162, 753])
gt_count  8427
candidate_count  874986
ideal candidate count  874986
Epoch 249 [3.4s + 5.8s]: train==[6997.65387=6997.17581 + 0.47801 + 0.00000 ]
 recall=[0.01919, 0.05317], precision=[0.03219, 0.01971],  ndcg=[0.03459, 0.02347], RMRR=[0.00668, 0.01100]
paras	 0.0002_[7e-3]_[0.0, 0.0]_64_norm_SMGCN
Epoch 250 [3.4s]: train==[6809.17352=6808.69496 + 0.47855 + 0.00000  ]
Epoch 251 [3.4s]: train==[6554.60432=6554.12732 + 0.47703 + 0.00000  ]
Epoch 252 [3.4s]: train==[6839.21263=6838.73570 + 0.47694 + 0.00000  ]
Epoch 253 [3.4s]: train==[7033.06754=7032.59125 + 0.47629 + 0.00000  ]
Epoch 254 [3.4s]: train==[6430.54799=6430.07047 + 0.47753 + 0.00000  ]
Epoch 255 [3.4s]: train==[6836.94432=6836.46609 + 0.47825 + 0.00000  ]
Epoch 256 [3.4s]: train==[7007.99481=7007.51669 + 0.47808 + 0.00000  ]
Epoch 257 [3.4s]: train==[6981.16040=6980.68170 + 0.47871 + 0.00000  ]
Epoch 258 [3.4s]: train==[6731.38692=6730.90683 + 0.48012 + 0.00000  ]
drop_flag:  True ,	 mess_dropout:  [0.0, 0.0]
rate_batch  torch.Size([1162, 753])
gt_count  8427
candidate_count  874986
ideal candidate count  874986
Epoch 259 [3.4s + 5.7s]: train==[6753.73978=6753.26041 + 0.47939 + 0.00000 ]
 recall=[0.02938, 0.06855], precision=[0.04647, 0.02676],  ndcg=[0.04740, 0.03232], RMRR=[0.01217, 0.01916]
paras	 0.0002_[7e-3]_[0.0, 0.0]_64_norm_SMGCN
Epoch 260 [3.4s]: train==[6784.22705=6783.74933 + 0.47771 + 0.00000  ]
Epoch 261 [3.4s]: train==[6961.07904=6960.60114 + 0.47789 + 0.00000  ]
Epoch 262 [3.4s]: train==[6922.15779=6921.65010 + 0.50763 + 0.00000  ]
Epoch 263 [3.4s]: train==[6905.82922=6905.30527 + 0.52393 + 0.00000  ]
Epoch 264 [3.4s]: train==[6697.66211=6697.14395 + 0.51815 + 0.00000  ]
Epoch 265 [3.4s]: train==[6791.10176=6790.58896 + 0.51279 + 0.00000  ]
Epoch 266 [3.4s]: train==[6754.63228=6754.12292 + 0.50938 + 0.00000  ]
Epoch 267 [3.4s]: train==[7005.55832=7005.05133 + 0.50703 + 0.00000  ]
Epoch 268 [3.4s]: train==[6958.58389=6958.08005 + 0.50383 + 0.00000  ]
drop_flag:  True ,	 mess_dropout:  [0.0, 0.0]
rate_batch  torch.Size([1162, 753])
gt_count  8427
candidate_count  874986
ideal candidate count  874986
Epoch 269 [3.4s + 5.8s]: train==[6749.09383=6748.59245 + 0.50140 + 0.00000 ]
 recall=[0.01132, 0.03445], precision=[0.01549, 0.01136],  ndcg=[0.01509, 0.01206], RMRR=[0.00412, 0.00705]
paras	 0.0002_[7e-3]_[0.0, 0.0]_64_norm_SMGCN
Epoch 270 [3.4s]: train==[6859.66341=6859.16553 + 0.49786 + 0.00000  ]
Epoch 271 [3.4s]: train==[6923.00693=6922.51251 + 0.49444 + 0.00000  ]
Epoch 272 [3.4s]: train==[6753.99422=6753.50301 + 0.49129 + 0.00000  ]
Epoch 273 [3.4s]: train==[6858.54939=6858.06313 + 0.48627 + 0.00000  ]
Epoch 274 [3.4s]: train==[6736.56226=6736.08109 + 0.48120 + 0.00000  ]
Epoch 275 [3.4s]: train==[6742.73970=6742.26089 + 0.47883 + 0.00000  ]
Epoch 276 [3.4s]: train==[6579.50565=6579.02869 + 0.47699 + 0.00000  ]
Epoch 277 [3.4s]: train==[6706.04861=6705.57123 + 0.47740 + 0.00000  ]
Epoch 278 [3.4s]: train==[6932.04909=6931.57120 + 0.47781 + 0.00000  ]
drop_flag:  True ,	 mess_dropout:  [0.0, 0.0]
rate_batch  torch.Size([1162, 753])
gt_count  8427
candidate_count  874986
ideal candidate count  874986
Epoch 279 [3.4s + 5.8s]: train==[6917.72028=6917.24059 + 0.47965 + 0.00000 ]
 recall=[0.02630, 0.07652], precision=[0.04303, 0.02840],  ndcg=[0.04094, 0.03162], RMRR=[0.00915, 0.01691]
paras	 0.0002_[7e-3]_[0.0, 0.0]_64_norm_SMGCN
Epoch 280 [3.4s]: train==[7064.05585=7063.57477 + 0.48112 + 0.00000  ]
Epoch 281 [3.4s]: train==[6928.37389=6927.89108 + 0.48285 + 0.00000  ]
Epoch 282 [3.4s]: train==[6997.20563=6996.72559 + 0.48004 + 0.00000  ]
Epoch 283 [3.4s]: train==[6672.45535=6671.97614 + 0.47926 + 0.00000  ]
Epoch 284 [3.4s]: train==[6954.37459=6953.89618 + 0.47849 + 0.00000  ]
Epoch 285 [3.4s]: train==[6842.57921=6842.10217 + 0.47706 + 0.00000  ]
Epoch 286 [3.4s]: train==[6795.83833=6795.35052 + 0.48777 + 0.00000  ]
Epoch 287 [3.4s]: train==[6732.96909=6732.48672 + 0.48238 + 0.00000  ]
Epoch 288 [3.4s]: train==[6806.96571=6806.48364 + 0.48201 + 0.00000  ]
drop_flag:  True ,	 mess_dropout:  [0.0, 0.0]
rate_batch  torch.Size([1162, 753])
gt_count  8427
candidate_count  874986
ideal candidate count  874986
Epoch 289 [3.4s + 5.8s]: train==[6839.97614=6839.49170 + 0.48445 + 0.00000 ]
 recall=[0.08209, 0.17384], precision=[0.11360, 0.06312],  ndcg=[0.12386, 0.07945], RMRR=[0.03372, 0.04758]
paras	 0.0002_[7e-3]_[0.0, 0.0]_64_norm_SMGCN
Epoch 290 [3.4s]: train==[6906.53369=6906.04536 + 0.48833 + 0.00000  ]
Epoch 291 [3.4s]: train==[6751.77756=6751.28558 + 0.49193 + 0.00000  ]
Epoch 292 [3.4s]: train==[6835.32120=6834.83270 + 0.48854 + 0.00000  ]
Epoch 293 [3.4s]: train==[6743.02122=6742.52637 + 0.49480 + 0.00000  ]
Epoch 294 [3.4s]: train==[6902.85518=6902.30843 + 0.54671 + 0.00000  ]
Epoch 295 [3.4s]: train==[6675.09608=6674.54012 + 0.55596 + 0.00000  ]
Epoch 296 [3.4s]: train==[6634.27818=6633.72495 + 0.55324 + 0.00000  ]
Epoch 297 [3.4s]: train==[6936.99994=6936.45078 + 0.54916 + 0.00000  ]
Epoch 298 [3.4s]: train==[6716.71585=6716.17032 + 0.54551 + 0.00000  ]
drop_flag:  True ,	 mess_dropout:  [0.0, 0.0]
rate_batch  torch.Size([1162, 753])
gt_count  8427
candidate_count  874986
ideal candidate count  874986
Epoch 299 [3.4s + 5.8s]: train==[6609.83218=6609.29077 + 0.54137 + 0.00000 ]
 recall=[0.01034, 0.02888], precision=[0.01497, 0.00873],  ndcg=[0.01601, 0.01058], RMRR=[0.00362, 0.00619]
paras	 0.0002_[7e-3]_[0.0, 0.0]_64_norm_SMGCN
Epoch 300 [3.4s]: train==[6656.70775=6656.16962 + 0.53817 + 0.00000  ]
Epoch 301 [3.4s]: train==[6686.00211=6685.46783 + 0.53419 + 0.00000  ]
Epoch 302 [3.4s]: train==[6784.19223=6783.66180 + 0.53045 + 0.00000  ]
Epoch 303 [3.4s]: train==[6923.90414=6923.37653 + 0.52761 + 0.00000  ]
Epoch 304 [3.4s]: train==[6900.74399=6900.21985 + 0.52422 + 0.00000  ]
Epoch 305 [3.4s]: train==[6899.80890=6899.28694 + 0.52195 + 0.00000  ]
Epoch 306 [3.4s]: train==[6953.84692=6953.32745 + 0.51948 + 0.00000  ]
Epoch 307 [3.4s]: train==[6904.47874=6903.96233 + 0.51642 + 0.00000  ]
Epoch 308 [3.4s]: train==[6918.26311=6917.74962 + 0.51353 + 0.00000  ]
drop_flag:  True ,	 mess_dropout:  [0.0, 0.0]
rate_batch  torch.Size([1162, 753])
gt_count  8427
candidate_count  874986
ideal candidate count  874986
Epoch 309 [3.4s + 5.8s]: train==[6643.67422=6643.16476 + 0.50948 + 0.00000 ]
 recall=[0.01361, 0.04032], precision=[0.01962, 0.01347],  ndcg=[0.02300, 0.01638], RMRR=[0.00537, 0.00930]
paras	 0.0002_[7e-3]_[0.0, 0.0]_64_norm_SMGCN
Epoch 310 [3.4s]: train==[6934.86667=6934.35983 + 0.50679 + 0.00000  ]
Epoch 311 [3.4s]: train==[6742.74829=6742.24481 + 0.50347 + 0.00000  ]
Epoch 312 [3.4s]: train==[6829.17690=6828.67673 + 0.50024 + 0.00000  ]
Epoch 313 [3.4s]: train==[6876.73344=6876.23544 + 0.49806 + 0.00000  ]
Epoch 314 [3.4s]: train==[6655.84155=6655.34502 + 0.49658 + 0.00000  ]
Epoch 315 [3.4s]: train==[6677.32341=6676.82724 + 0.49611 + 0.00000  ]
Epoch 316 [3.4s]: train==[6687.47711=6686.97961 + 0.49753 + 0.00000  ]
Epoch 317 [3.4s]: train==[7144.50713=7144.00945 + 0.49771 + 0.00000  ]
Epoch 318 [3.4s]: train==[6672.00598=6671.50729 + 0.49867 + 0.00000  ]
drop_flag:  True ,	 mess_dropout:  [0.0, 0.0]
rate_batch  torch.Size([1162, 753])
gt_count  8427
candidate_count  874986
ideal candidate count  874986
Epoch 319 [3.4s + 5.7s]: train==[6900.77588=6900.24010 + 0.53583 + 0.00000 ]
 recall=[0.00696, 0.02177], precision=[0.00654, 0.00521],  ndcg=[0.00581, 0.00510], RMRR=[0.00228, 0.00381]
paras	 0.0002_[7e-3]_[0.0, 0.0]_64_norm_SMGCN
Epoch 320 [3.4s]: train==[6707.71600=6707.16277 + 0.55329 + 0.00000  ]
Epoch 321 [3.4s]: train==[6747.60417=6747.05399 + 0.55015 + 0.00000  ]
Epoch 322 [3.4s]: train==[6692.32643=6691.78091 + 0.54551 + 0.00000  ]
Epoch 323 [3.4s]: train==[6631.81604=6631.27505 + 0.54105 + 0.00000  ]
Epoch 324 [3.4s]: train==[6704.95889=6704.42358 + 0.53526 + 0.00000  ]
Epoch 325 [3.4s]: train==[6868.26128=6867.73193 + 0.52933 + 0.00000  ]
Epoch 326 [3.4s]: train==[7125.38400=7124.85812 + 0.52588 + 0.00000  ]
Epoch 327 [3.4s]: train==[6898.48090=6897.95929 + 0.52165 + 0.00000  ]
Epoch 328 [3.4s]: train==[6770.85205=6770.33545 + 0.51659 + 0.00000  ]
drop_flag:  True ,	 mess_dropout:  [0.0, 0.0]
rate_batch  torch.Size([1162, 753])
gt_count  8427
candidate_count  874986
ideal candidate count  874986
Epoch 329 [3.4s + 5.7s]: train==[6822.19786=6821.68562 + 0.51223 + 0.00000 ]
 recall=[0.02055, 0.05306], precision=[0.03718, 0.02143],  ndcg=[0.04105, 0.02706], RMRR=[0.00872, 0.01344]
paras	 0.0002_[7e-3]_[0.0, 0.0]_64_norm_SMGCN
Epoch 330 [3.4s]: train==[6921.14488=6920.63377 + 0.51113 + 0.00000  ]
Epoch 331 [3.4s]: train==[6752.47046=6751.96004 + 0.51047 + 0.00000  ]
Epoch 332 [3.4s]: train==[6810.62546=6810.11441 + 0.51105 + 0.00000  ]
Epoch 333 [3.4s]: train==[6833.27885=6832.76802 + 0.51082 + 0.00000  ]
Epoch 334 [3.4s]: train==[6872.37709=6871.86655 + 0.51048 + 0.00000  ]
Epoch 335 [3.4s]: train==[6857.28406=6856.77380 + 0.51031 + 0.00000  ]
Epoch 336 [3.4s]: train==[6753.87294=6753.35921 + 0.51371 + 0.00000  ]
Epoch 337 [3.4s]: train==[6662.41060=6661.88751 + 0.52305 + 0.00000  ]
Epoch 338 [3.4s]: train==[6648.07822=6647.56018 + 0.51806 + 0.00000  ]
drop_flag:  True ,	 mess_dropout:  [0.0, 0.0]
rate_batch  torch.Size([1162, 753])
gt_count  8427
candidate_count  874986
ideal candidate count  874986
Epoch 339 [3.4s + 5.7s]: train==[6867.67384=6867.15536 + 0.51845 + 0.00000 ]
 recall=[0.10510, 0.26032], precision=[0.15215, 0.09613],  ndcg=[0.16268, 0.11445], RMRR=[0.04461, 0.07004]
paras	 0.0002_[7e-3]_[0.0, 0.0]_64_norm_SMGCN
Epoch 340 [3.4s]: train==[6870.17581=6869.65289 + 0.52297 + 0.00000  ]
Epoch 341 [3.4s]: train==[6695.10834=6694.58200 + 0.52640 + 0.00000  ]
Epoch 342 [3.4s]: train==[6720.40601=6719.83382 + 0.57216 + 0.00000  ]
Epoch 343 [3.4s]: train==[6998.36588=6997.74643 + 0.61940 + 0.00000  ]
Epoch 344 [3.4s]: train==[6797.76889=6797.14513 + 0.62374 + 0.00000  ]
Epoch 345 [3.4s]: train==[6774.30153=6773.67923 + 0.62235 + 0.00000  ]
Epoch 346 [3.4s]: train==[6870.44714=6869.82713 + 0.62001 + 0.00000  ]
Epoch 347 [3.4s]: train==[6584.13257=6583.51468 + 0.61792 + 0.00000  ]
Epoch 348 [3.4s]: train==[6728.66515=6728.04967 + 0.61543 + 0.00000  ]
drop_flag:  True ,	 mess_dropout:  [0.0, 0.0]
rate_batch  torch.Size([1162, 753])
gt_count  8427
candidate_count  874986
ideal candidate count  874986
Epoch 349 [3.4s + 5.7s]: train==[6913.88559=6913.27209 + 0.61345 + 0.00000 ]
 recall=[0.00391, 0.01941], precision=[0.00585, 0.00551],  ndcg=[0.00612, 0.00576], RMRR=[0.00181, 0.00422]
paras	 0.0002_[7e-3]_[0.0, 0.0]_64_norm_SMGCN
Epoch 350 [3.4s]: train==[6829.13403=6828.52420 + 0.60974 + 0.00000  ]
Epoch 351 [3.4s]: train==[6889.77148=6889.16489 + 0.60659 + 0.00000  ]
Epoch 352 [3.4s]: train==[6730.41533=6729.81116 + 0.60426 + 0.00000  ]
Epoch 353 [3.4s]: train==[6737.97653=6737.37521 + 0.60130 + 0.00000  ]
Epoch 354 [3.4s]: train==[6698.69150=6698.09164 + 0.59989 + 0.00000  ]
Epoch 355 [3.4s]: train==[6671.17238=6670.57523 + 0.59714 + 0.00000  ]
Epoch 356 [3.4s]: train==[6824.61441=6824.01993 + 0.59448 + 0.00000  ]
Epoch 357 [3.4s]: train==[6771.90022=6771.30838 + 0.59185 + 0.00000  ]
Epoch 358 [3.4s]: train==[6750.62708=6750.03705 + 0.58996 + 0.00000  ]
drop_flag:  True ,	 mess_dropout:  [0.0, 0.0]
rate_batch  torch.Size([1162, 753])
gt_count  8427
candidate_count  874986
ideal candidate count  874986
Epoch 359 [3.4s + 5.7s]: train==[6710.99055=6710.40318 + 0.58730 + 0.00000 ]
 recall=[0.00864, 0.02428], precision=[0.01050, 0.00770],  ndcg=[0.01097, 0.00846], RMRR=[0.00338, 0.00541]
paras	 0.0002_[7e-3]_[0.0, 0.0]_64_norm_SMGCN
Epoch 360 [3.4s]: train==[6996.72473=6996.13940 + 0.58535 + 0.00000  ]
Epoch 361 [3.4s]: train==[6829.98808=6829.40527 + 0.58280 + 0.00000  ]
Epoch 362 [3.4s]: train==[6723.22119=6722.64125 + 0.57993 + 0.00000  ]
Epoch 363 [3.4s]: train==[6892.83594=6892.25819 + 0.57786 + 0.00000  ]
Epoch 364 [3.4s]: train==[6736.25238=6735.67691 + 0.57553 + 0.00000  ]
Epoch 365 [3.4s]: train==[6732.37912=6731.80574 + 0.57338 + 0.00000  ]
Epoch 366 [3.4s]: train==[6760.86006=6760.28845 + 0.57153 + 0.00000  ]
Epoch 367 [3.4s]: train==[6638.04883=6637.47940 + 0.56944 + 0.00000  ]
Epoch 368 [3.4s]: train==[6949.89929=6949.33102 + 0.56835 + 0.00000  ]
drop_flag:  True ,	 mess_dropout:  [0.0, 0.0]
rate_batch  torch.Size([1162, 753])
gt_count  8427
candidate_count  874986
ideal candidate count  874986
Epoch 369 [3.4s + 5.7s]: train==[6947.58762=6947.02115 + 0.56648 + 0.00000 ]
 recall=[0.00967, 0.03295], precision=[0.01153, 0.00977],  ndcg=[0.01193, 0.01042], RMRR=[0.00342, 0.00639]
paras	 0.0002_[7e-3]_[0.0, 0.0]_64_norm_SMGCN
Epoch 370 [3.4s]: train==[6995.13626=6994.57138 + 0.56489 + 0.00000  ]
Epoch 371 [3.4s]: train==[6872.22217=6871.65909 + 0.56312 + 0.00000  ]
Epoch 372 [3.4s]: train==[6639.87448=6639.31345 + 0.56110 + 0.00000  ]
Epoch 373 [3.4s]: train==[6766.58939=6766.03030 + 0.55913 + 0.00000  ]
Epoch 374 [3.4s]: train==[6712.37329=6711.81685 + 0.55643 + 0.00000  ]
Epoch 375 [3.4s]: train==[6812.01213=6811.45757 + 0.55453 + 0.00000  ]
Epoch 376 [3.4s]: train==[6879.50906=6878.95636 + 0.55266 + 0.00000  ]
Epoch 377 [3.4s]: train==[6698.58353=6698.03314 + 0.55040 + 0.00000  ]
Epoch 378 [3.4s]: train==[6593.58096=6593.03217 + 0.54880 + 0.00000  ]
drop_flag:  True ,	 mess_dropout:  [0.0, 0.0]
rate_batch  torch.Size([1162, 753])
gt_count  8427
candidate_count  874986
ideal candidate count  874986
Epoch 379 [3.4s + 5.7s]: train==[6525.97998=6525.43300 + 0.54695 + 0.00000 ]
 recall=[0.01036, 0.03807], precision=[0.01532, 0.01299],  ndcg=[0.01678, 0.01410], RMRR=[0.00463, 0.00836]
paras	 0.0002_[7e-3]_[0.0, 0.0]_64_norm_SMGCN
Epoch 380 [3.4s]: train==[6789.64664=6789.10132 + 0.54528 + 0.00000  ]
Epoch 381 [3.4s]: train==[6611.49339=6610.95059 + 0.54287 + 0.00000  ]
Epoch 382 [3.4s]: train==[6796.82686=6796.28716 + 0.53979 + 0.00000  ]
Epoch 383 [3.4s]: train==[6884.75432=6884.21866 + 0.53571 + 0.00000  ]
Epoch 384 [3.4s]: train==[6647.57867=6647.04666 + 0.53200 + 0.00000  ]
Epoch 385 [3.4s]: train==[6832.66371=6832.13489 + 0.52887 + 0.00000  ]
Epoch 386 [3.4s]: train==[6750.45949=6749.93297 + 0.52650 + 0.00000  ]
Epoch 387 [3.4s]: train==[6615.30040=6614.77481 + 0.52554 + 0.00000  ]
Epoch 388 [3.4s]: train==[6757.95129=6757.42473 + 0.52662 + 0.00000  ]
drop_flag:  True ,	 mess_dropout:  [0.0, 0.0]
rate_batch  torch.Size([1162, 753])
gt_count  8427
candidate_count  874986
ideal candidate count  874986
Epoch 389 [3.4s + 5.8s]: train==[6899.90131=6899.37250 + 0.52883 + 0.00000 ]
 recall=[0.05055, 0.12292], precision=[0.07694, 0.04647],  ndcg=[0.08227, 0.05631], RMRR=[0.01849, 0.03043]
paras	 0.0002_[7e-3]_[0.0, 0.0]_64_norm_SMGCN
Epoch 390 [3.4s]: train==[6984.37039=6983.83844 + 0.53195 + 0.00000  ]
Epoch 391 [3.4s]: train==[6856.12485=6855.59074 + 0.53403 + 0.00000  ]
Epoch 392 [3.4s]: train==[6572.54915=6572.01088 + 0.53827 + 0.00000  ]
Epoch 393 [3.4s]: train==[6825.81076=6825.24176 + 0.56901 + 0.00000  ]
Epoch 394 [3.4s]: train==[6570.11656=6569.53127 + 0.58532 + 0.00000  ]
Epoch 395 [3.4s]: train==[6750.40771=6749.82278 + 0.58495 + 0.00000  ]
Epoch 396 [3.4s]: train==[6682.84915=6682.26636 + 0.58280 + 0.00000  ]
Epoch 397 [3.4s]: train==[6586.05974=6585.47990 + 0.57981 + 0.00000  ]
Epoch 398 [3.4s]: train==[6596.28818=6595.71147 + 0.57673 + 0.00000  ]
drop_flag:  True ,	 mess_dropout:  [0.0, 0.0]
rate_batch  torch.Size([1162, 753])
gt_count  8427
candidate_count  874986
ideal candidate count  874986
Epoch 399 [3.4s + 5.7s]: train==[6773.83020=6773.25720 + 0.57292 + 0.00000 ]
 recall=[0.00879, 0.03194], precision=[0.00929, 0.01093],  ndcg=[0.00918, 0.01059], RMRR=[0.00405, 0.00744]
paras	 0.0002_[7e-3]_[0.0, 0.0]_64_norm_SMGCN
Epoch 400 [3.4s]: train==[6915.50337=6914.93376 + 0.56963 + 0.00000  ]
Epoch 401 [3.4s]: train==[6775.12457=6774.55760 + 0.56698 + 0.00000  ]
Epoch 402 [3.4s]: train==[6706.16087=6705.59682 + 0.56404 + 0.00000  ]
Epoch 403 [3.4s]: train==[6799.17418=6798.61215 + 0.56205 + 0.00000  ]
Epoch 404 [3.3s]: train==[6823.38754=6822.82861 + 0.55896 + 0.00000  ]
Epoch 405 [3.4s]: train==[6925.42758=6924.87057 + 0.55703 + 0.00000  ]
Starting training...
start  2025-05-14 22:13:53
Loading data...
Error occurred: 'Data' object has no attribute 'config'
Starting training...
start  2025-05-14 22:14:32
Loading data...
Error occurred: 'Data' object has no attribute 'config'
Starting training...
start  2025-05-14 22:18:22
Loading data...
Error occurred: 'Data' object has no attribute 'config'
Starting training...
start  2025-05-14 22:18:45
Loading data...
Error occurred: 'Data' object has no attribute 'config'
